<?xml version="1.0" encoding="UTF-8"?>
<testsuites name="Alfagift_Login" time="455.633" tests="13" failures="1" errors="0">
   <testsuite name="Alfagift_Login" tests="13" failures="1" errors="0" time="455.633" skipped="0" timestamp="21-01-2025T22:14:43" hostname="Owner - LAPTOP-66B9Q4LL" id="Test Suites/Alfagift_Login">
      <properties>
         <property name="deviceName" value="samsung SM-X205 (Android 14)"/>
         <property name="devicePlatform" value="Android"/>
         <property name="logFolder" value="C:\\Users\\Maxxi\\git\\soal_18\\Reports\\20250121_221439\\Alfagift_Login\\20250121_221439"/>
         <property name="logFiles" value="C:\\Users\\Maxxi\\git\\soal_18\\Reports\\20250121_221439\\Alfagift_Login\\20250121_221439\\appium.log, C:\\Users\\Maxxi\\git\\soal_18\\Reports\\20250121_221439\\Alfagift_Login\\20250121_221439\\appium_error.log, C:\\Users\\Maxxi\\git\\soal_18\\Reports\\20250121_221439\\Alfagift_Login\\20250121_221439\\execution0.log"/>
         <property name="attachments" value=""/>
         <property name="hostName" value="Owner - LAPTOP-66B9Q4LL"/>
         <property name="os" value="Windows 11 64bit"/>
         <property name="appiumServerStatus" value="{&quot;value&quot;:{&quot;ready&quot;:true,&quot;message&quot;:&quot;The server is ready to accept new connections&quot;,&quot;build&quot;:{&quot;version&quot;:&quot;2.2.1&quot;}}}"/>
         <property name="katalonVersion" value="9.7.2.223"/>
         <property name="deviceOS" value="Android"/>
         <property name="appiumVersion" value="2.2.1"/>
         <property name="deviceModel" value="SM-X205"/>
         <property name="hostAddress" value="192.168.100.202"/>
         <property name="deviceManufacturer" value="samsung"/>
         <property name="deviceId" value="R9RW3035JLN"/>
         <property name="deviceName" value="samsung SM-X205 (Android 14)"/>
         <property name="deviceOSVersion" value="14"/>
      </properties>
      <testcase name="Test Cases/Login (Negative)/Login_when already logged in at another device" time="34.742" classname="Test Cases/Login (Negative)/Login_when already logged in at another device" status="PASSED">
         <system-out><![CDATA[21-01-2025T22:14:43 - [TEST_CASE][PASSED] - Test Cases/Login (Negative)/Login_when already logged in at another device: Test Cases/Login (Negative)/Login_when already logged in at another device

21-01-2025T22:14:43 - [TEST_STEP][PASSED] - startApplication("D:/Downloads/base.apk", false): Started application: 'D:\Downloads\base.apk'

21-01-2025T22:14:43 - [MESSAGE][INFO] - Starting application: 'D:\Downloads\base.apk'

21-01-2025T22:14:44 - [MESSAGE][INFO] - Detected NodeJS location: "C:\Program Files\nodejs\node.exe"

21-01-2025T22:14:49 - [MESSAGE][INFO] - PATH: C:\Program Files\nodejs;

21-01-2025T22:14:49 - [MESSAGE][INFO] - APPIUM_HOME: C:\Users\Maxxi\.appium

21-01-2025T22:14:49 - [MESSAGE][INFO] - appium outlog: C:\Users\Maxxi\git\soal_18\Reports\20250121_221439\Alfagift_Login\20250121_221439\appium.log

21-01-2025T22:14:49 - [MESSAGE][INFO] - appium errlog: C:\Users\Maxxi\git\soal_18\Reports\20250121_221439\Alfagift_Login\20250121_221439\appium_error.log

21-01-2025T22:14:53 - [MESSAGE][INFO] - Appium server started on port 57,902

21-01-2025T22:15:04 - [MESSAGE][PASSED] - Started application: 'D:\Downloads\base.apk'

21-01-2025T22:15:04 - [TEST_STEP][PASSED] - tap(findTestObject("Object Repository/button/android.widget.TextView - MASUK"), 0): Tapped on element 'Object Repository/button/android.widget.TextView - MASUK'

21-01-2025T22:15:04 - [MESSAGE][WARNING] - Timeout '0' is invalid. Using default page load timeout: '30'

21-01-2025T22:15:06 - [MESSAGE][PASSED] - Tapped on element 'Object Repository/button/android.widget.TextView - MASUK'

21-01-2025T22:15:06 - [TEST_STEP][PASSED] - setText(findTestObject("Object Repository/fields/android.widget.EditText - Nomor HPNo. kartu member"), "082121212041", 0): Text '082121212041' has been set to element 'Object Repository/fields/android.widget.EditText - Nomor HPNo. kartu member'

21-01-2025T22:15:06 - [MESSAGE][WARNING] - Timeout '0' is invalid. Using default page load timeout: '30'

21-01-2025T22:15:10 - [MESSAGE][PASSED] - Text '082121212041' has been set to element 'Object Repository/fields/android.widget.EditText - Nomor HPNo. kartu member'

21-01-2025T22:15:10 - [TEST_STEP][PASSED] - setText(findTestObject("Object Repository/fields/android.widget.EditText - Password"), "Lalauqoke123", 0): Text 'Lalauqoke123' has been set to element 'Object Repository/fields/android.widget.EditText - Password'

21-01-2025T22:15:10 - [MESSAGE][WARNING] - Timeout '0' is invalid. Using default page load timeout: '30'

21-01-2025T22:15:13 - [MESSAGE][PASSED] - Text 'Lalauqoke123' has been set to element 'Object Repository/fields/android.widget.EditText - Password'

21-01-2025T22:15:13 - [TEST_STEP][PASSED] - hideKeyboard(): Keyboard is hidden

21-01-2025T22:15:15 - [MESSAGE][PASSED] - Keyboard is hidden

21-01-2025T22:15:15 - [TEST_STEP][PASSED] - tap(findTestObject("Object Repository/button/android.widget.TextView - Selanjutnya"), 0): Tapped on element 'Object Repository/button/android.widget.TextView - Selanjutnya'

21-01-2025T22:15:15 - [MESSAGE][WARNING] - Timeout '0' is invalid. Using default page load timeout: '30'

21-01-2025T22:15:16 - [MESSAGE][PASSED] - Tapped on element 'Object Repository/button/android.widget.TextView - Selanjutnya'

21-01-2025T22:15:16 - [TEST_STEP][PASSED] - waitForElementPresent(findTestObject("Object Repository/error_msg/android.widget.TextView - Login Gagal"), 0): Element 'Object Repository/error_msg/android.widget.TextView - Login Gagal' is present

21-01-2025T22:15:16 - [MESSAGE][WARNING] - Timeout '0' is invalid. Using default page load timeout: '30'

21-01-2025T22:15:17 - [MESSAGE][PASSED] - Element 'Object Repository/error_msg/android.widget.TextView - Login Gagal' is present

21-01-2025T22:15:17 - [TEST_STEP][PASSED] - closeApplication(): Close app successfully

21-01-2025T22:15:18 - [MESSAGE][PASSED] - Close app successfully]]></system-out>
         <system-err><![CDATA[]]></system-err>
      </testcase>
      <testcase name="Test Cases/Login (Negative)/Login_when field Nomor HP-No Kartu Member is empty" time="31.915" classname="Test Cases/Login (Negative)/Login_when field Nomor HP-No Kartu Member is empty" status="PASSED">
         <system-out><![CDATA[21-01-2025T22:15:18 - [TEST_CASE][PASSED] - Test Cases/Login (Negative)/Login_when field Nomor HP-No Kartu Member is empty: Test Cases/Login (Negative)/Login_when field Nomor HP-No Kartu Member is empty

21-01-2025T22:15:18 - [TEST_STEP][PASSED] - startApplication("D:/Downloads/base.apk", false): Started application: 'D:\Downloads\base.apk'

21-01-2025T22:15:18 - [MESSAGE][INFO] - Starting application: 'D:\Downloads\base.apk'

21-01-2025T22:15:18 - [MESSAGE][INFO] - Detected NodeJS location: "C:\Program Files\nodejs\node.exe"

21-01-2025T22:15:24 - [MESSAGE][INFO] - PATH: C:\Program Files\nodejs;

21-01-2025T22:15:24 - [MESSAGE][INFO] - APPIUM_HOME: C:\Users\Maxxi\.appium

21-01-2025T22:15:24 - [MESSAGE][INFO] - appium outlog: C:\Users\Maxxi\git\soal_18\Reports\20250121_221439\Alfagift_Login\20250121_221439\appium.log

21-01-2025T22:15:24 - [MESSAGE][INFO] - appium errlog: C:\Users\Maxxi\git\soal_18\Reports\20250121_221439\Alfagift_Login\20250121_221439\appium_error.log

21-01-2025T22:15:28 - [MESSAGE][INFO] - Appium server started on port 58,091

21-01-2025T22:15:37 - [MESSAGE][PASSED] - Started application: 'D:\Downloads\base.apk'

21-01-2025T22:15:37 - [TEST_STEP][PASSED] - tap(findTestObject("Object Repository/button/android.widget.TextView - MASUK"), 0): Tapped on element 'Object Repository/button/android.widget.TextView - MASUK'

21-01-2025T22:15:37 - [MESSAGE][WARNING] - Timeout '0' is invalid. Using default page load timeout: '30'

21-01-2025T22:15:39 - [MESSAGE][PASSED] - Tapped on element 'Object Repository/button/android.widget.TextView - MASUK'

21-01-2025T22:15:39 - [TEST_STEP][PASSED] - setText(findTestObject("Object Repository/fields/android.widget.EditText - Nomor HPNo. kartu member"), "", 0): Text '' has been set to element 'Object Repository/fields/android.widget.EditText - Nomor HPNo. kartu member'

21-01-2025T22:15:39 - [MESSAGE][WARNING] - Timeout '0' is invalid. Using default page load timeout: '30'

21-01-2025T22:15:43 - [MESSAGE][PASSED] - Text '' has been set to element 'Object Repository/fields/android.widget.EditText - Nomor HPNo. kartu member'

21-01-2025T22:15:43 - [TEST_STEP][PASSED] - setText(findTestObject("Object Repository/fields/android.widget.EditText - Password"), "Testla123", 0): Text 'Testla123' has been set to element 'Object Repository/fields/android.widget.EditText - Password'

21-01-2025T22:15:43 - [MESSAGE][WARNING] - Timeout '0' is invalid. Using default page load timeout: '30'

21-01-2025T22:15:45 - [MESSAGE][PASSED] - Text 'Testla123' has been set to element 'Object Repository/fields/android.widget.EditText - Password'

21-01-2025T22:15:45 - [TEST_STEP][PASSED] - hideKeyboard(): Keyboard is hidden

21-01-2025T22:15:47 - [MESSAGE][PASSED] - Keyboard is hidden

21-01-2025T22:15:47 - [TEST_STEP][PASSED] - tap(findTestObject("Object Repository/button/android.widget.TextView - Selanjutnya"), 0): Tapped on element 'Object Repository/button/android.widget.TextView - Selanjutnya'

21-01-2025T22:15:47 - [MESSAGE][WARNING] - Timeout '0' is invalid. Using default page load timeout: '30'

21-01-2025T22:15:48 - [MESSAGE][PASSED] - Tapped on element 'Object Repository/button/android.widget.TextView - Selanjutnya'

21-01-2025T22:15:48 - [TEST_STEP][PASSED] - waitForElementPresent(findTestObject("Object Repository/error_msg/android.widget.TextView - Mohon isi Nomor HPNo. kartu member"), 0): Element 'Object Repository/error_msg/android.widget.TextView - Mohon isi Nomor HPNo. kartu member' is present

21-01-2025T22:15:48 - [MESSAGE][WARNING] - Timeout '0' is invalid. Using default page load timeout: '30'

21-01-2025T22:15:49 - [MESSAGE][PASSED] - Element 'Object Repository/error_msg/android.widget.TextView - Mohon isi Nomor HPNo. kartu member' is present

21-01-2025T22:15:49 - [TEST_STEP][PASSED] - closeApplication(): Close app successfully

21-01-2025T22:15:50 - [MESSAGE][PASSED] - Close app successfully]]></system-out>
         <system-err><![CDATA[]]></system-err>
      </testcase>
      <testcase name="Test Cases/Login (Negative)/Login_when field Password is empty" time="26.186" classname="Test Cases/Login (Negative)/Login_when field Password is empty" status="PASSED">
         <system-out><![CDATA[21-01-2025T22:15:50 - [TEST_CASE][PASSED] - Test Cases/Login (Negative)/Login_when field Password is empty: Test Cases/Login (Negative)/Login_when field Password is empty

21-01-2025T22:15:50 - [TEST_STEP][PASSED] - startApplication("D:/Downloads/base.apk", false): Started application: 'D:\Downloads\base.apk'

21-01-2025T22:15:50 - [MESSAGE][INFO] - Starting application: 'D:\Downloads\base.apk'

21-01-2025T22:15:50 - [MESSAGE][INFO] - Detected NodeJS location: "C:\Program Files\nodejs\node.exe"

21-01-2025T22:15:50 - [MESSAGE][INFO] - PATH: C:\Program Files\nodejs;

21-01-2025T22:15:50 - [MESSAGE][INFO] - APPIUM_HOME: C:\Users\Maxxi\.appium

21-01-2025T22:15:50 - [MESSAGE][INFO] - appium outlog: C:\Users\Maxxi\git\soal_18\Reports\20250121_221439\Alfagift_Login\20250121_221439\appium.log

21-01-2025T22:15:50 - [MESSAGE][INFO] - appium errlog: C:\Users\Maxxi\git\soal_18\Reports\20250121_221439\Alfagift_Login\20250121_221439\appium_error.log

21-01-2025T22:15:54 - [MESSAGE][INFO] - Appium server started on port 58,270

21-01-2025T22:16:04 - [MESSAGE][PASSED] - Started application: 'D:\Downloads\base.apk'

21-01-2025T22:16:04 - [TEST_STEP][PASSED] - tap(findTestObject("Object Repository/button/android.widget.TextView - MASUK"), 0): Tapped on element 'Object Repository/button/android.widget.TextView - MASUK'

21-01-2025T22:16:04 - [MESSAGE][WARNING] - Timeout '0' is invalid. Using default page load timeout: '30'

21-01-2025T22:16:06 - [MESSAGE][PASSED] - Tapped on element 'Object Repository/button/android.widget.TextView - MASUK'

21-01-2025T22:16:06 - [TEST_STEP][PASSED] - setText(findTestObject("Object Repository/fields/android.widget.EditText - Nomor HPNo. kartu member"), "9990015830750835", 0): Text '9990015830750835' has been set to element 'Object Repository/fields/android.widget.EditText - Nomor HPNo. kartu member'

21-01-2025T22:16:06 - [MESSAGE][WARNING] - Timeout '0' is invalid. Using default page load timeout: '30'

21-01-2025T22:16:10 - [MESSAGE][PASSED] - Text '9990015830750835' has been set to element 'Object Repository/fields/android.widget.EditText - Nomor HPNo. kartu member'

21-01-2025T22:16:10 - [TEST_STEP][PASSED] - setText(findTestObject("Object Repository/fields/android.widget.EditText - Password"), "", 0): Text '' has been set to element 'Object Repository/fields/android.widget.EditText - Password'

21-01-2025T22:16:10 - [MESSAGE][WARNING] - Timeout '0' is invalid. Using default page load timeout: '30'

21-01-2025T22:16:12 - [MESSAGE][PASSED] - Text '' has been set to element 'Object Repository/fields/android.widget.EditText - Password'

21-01-2025T22:16:12 - [TEST_STEP][PASSED] - hideKeyboard(): Keyboard is hidden

21-01-2025T22:16:13 - [MESSAGE][PASSED] - Keyboard is hidden

21-01-2025T22:16:13 - [TEST_STEP][PASSED] - tap(findTestObject("Object Repository/button/android.widget.TextView - Selanjutnya"), 0): Tapped on element 'Object Repository/button/android.widget.TextView - Selanjutnya'

21-01-2025T22:16:13 - [MESSAGE][WARNING] - Timeout '0' is invalid. Using default page load timeout: '30'

21-01-2025T22:16:14 - [MESSAGE][PASSED] - Tapped on element 'Object Repository/button/android.widget.TextView - Selanjutnya'

21-01-2025T22:16:14 - [TEST_STEP][PASSED] - waitForElementPresent(findTestObject("Object Repository/error_msg/android.widget.TextView - Mohon isi Password"), 0): Element 'Object Repository/error_msg/android.widget.TextView - Mohon isi Password' is present

21-01-2025T22:16:14 - [MESSAGE][WARNING] - Timeout '0' is invalid. Using default page load timeout: '30'

21-01-2025T22:16:15 - [MESSAGE][PASSED] - Element 'Object Repository/error_msg/android.widget.TextView - Mohon isi Password' is present

21-01-2025T22:16:15 - [TEST_STEP][PASSED] - closeApplication(): Close app successfully

21-01-2025T22:16:16 - [MESSAGE][PASSED] - Close app successfully]]></system-out>
         <system-err><![CDATA[]]></system-err>
      </testcase>
      <testcase name="Test Cases/Login (Negative)/Login_when input No Kartu Member less than 16 digit" time="30.158" classname="Test Cases/Login (Negative)/Login_when input No Kartu Member less than 16 digit" status="PASSED">
         <system-out><![CDATA[21-01-2025T22:16:16 - [TEST_CASE][PASSED] - Test Cases/Login (Negative)/Login_when input No Kartu Member less than 16 digit: Test Cases/Login (Negative)/Login_when input No Kartu Member less than 16 digit

21-01-2025T22:16:16 - [TEST_STEP][PASSED] - startApplication("D:/Downloads/base.apk", false): Started application: 'D:\Downloads\base.apk'

21-01-2025T22:16:16 - [MESSAGE][INFO] - Starting application: 'D:\Downloads\base.apk'

21-01-2025T22:16:16 - [MESSAGE][INFO] - Detected NodeJS location: "C:\Program Files\nodejs\node.exe"

21-01-2025T22:16:21 - [MESSAGE][INFO] - PATH: C:\Program Files\nodejs;

21-01-2025T22:16:21 - [MESSAGE][INFO] - APPIUM_HOME: C:\Users\Maxxi\.appium

21-01-2025T22:16:21 - [MESSAGE][INFO] - appium outlog: C:\Users\Maxxi\git\soal_18\Reports\20250121_221439\Alfagift_Login\20250121_221439\appium.log

21-01-2025T22:16:21 - [MESSAGE][INFO] - appium errlog: C:\Users\Maxxi\git\soal_18\Reports\20250121_221439\Alfagift_Login\20250121_221439\appium_error.log

21-01-2025T22:16:25 - [MESSAGE][INFO] - Appium server started on port 58,454

21-01-2025T22:16:34 - [MESSAGE][PASSED] - Started application: 'D:\Downloads\base.apk'

21-01-2025T22:16:34 - [TEST_STEP][PASSED] - tap(findTestObject("Object Repository/button/android.widget.TextView - MASUK"), 0): Tapped on element 'Object Repository/button/android.widget.TextView - MASUK'

21-01-2025T22:16:34 - [MESSAGE][WARNING] - Timeout '0' is invalid. Using default page load timeout: '30'

21-01-2025T22:16:36 - [MESSAGE][PASSED] - Tapped on element 'Object Repository/button/android.widget.TextView - MASUK'

21-01-2025T22:16:36 - [TEST_STEP][PASSED] - setText(findTestObject("Object Repository/fields/android.widget.EditText - Nomor HPNo. kartu member"), "999827372", 0): Text '999827372' has been set to element 'Object Repository/fields/android.widget.EditText - Nomor HPNo. kartu member'

21-01-2025T22:16:36 - [MESSAGE][WARNING] - Timeout '0' is invalid. Using default page load timeout: '30'

21-01-2025T22:16:40 - [MESSAGE][PASSED] - Text '999827372' has been set to element 'Object Repository/fields/android.widget.EditText - Nomor HPNo. kartu member'

21-01-2025T22:16:40 - [TEST_STEP][PASSED] - setText(findTestObject("Object Repository/fields/android.widget.EditText - Password"), "Testla123", 0): Text 'Testla123' has been set to element 'Object Repository/fields/android.widget.EditText - Password'

21-01-2025T22:16:40 - [MESSAGE][WARNING] - Timeout '0' is invalid. Using default page load timeout: '30'

21-01-2025T22:16:43 - [MESSAGE][PASSED] - Text 'Testla123' has been set to element 'Object Repository/fields/android.widget.EditText - Password'

21-01-2025T22:16:43 - [TEST_STEP][PASSED] - hideKeyboard(): Keyboard is hidden

21-01-2025T22:16:44 - [MESSAGE][PASSED] - Keyboard is hidden

21-01-2025T22:16:44 - [TEST_STEP][PASSED] - waitForElementPresent(findTestObject("Object Repository/error_msg/android.widget.TextView - No. kartu member harus 16 digit"), 0): Element 'Object Repository/error_msg/android.widget.TextView - No. kartu member harus 16 digit' is present

21-01-2025T22:16:44 - [MESSAGE][WARNING] - Timeout '0' is invalid. Using default page load timeout: '30'

21-01-2025T22:16:45 - [MESSAGE][PASSED] - Element 'Object Repository/error_msg/android.widget.TextView - No. kartu member harus 16 digit' is present

21-01-2025T22:16:45 - [TEST_STEP][PASSED] - closeApplication(): Close app successfully

21-01-2025T22:16:46 - [MESSAGE][PASSED] - Close app successfully]]></system-out>
         <system-err><![CDATA[]]></system-err>
      </testcase>
      <testcase name="Test Cases/Login (Negative)/Login_when input No Kartu Member other than starting with 999" time="26.099" classname="Test Cases/Login (Negative)/Login_when input No Kartu Member other than starting with 999" status="PASSED">
         <system-out><![CDATA[21-01-2025T22:16:46 - [TEST_CASE][PASSED] - Test Cases/Login (Negative)/Login_when input No Kartu Member other than starting with 999: Test Cases/Login (Negative)/Login_when input No Kartu Member other than starting with 999

21-01-2025T22:16:46 - [TEST_STEP][PASSED] - startApplication("D:/Downloads/base.apk", false): Started application: 'D:\Downloads\base.apk'

21-01-2025T22:16:46 - [MESSAGE][INFO] - Starting application: 'D:\Downloads\base.apk'

21-01-2025T22:16:46 - [MESSAGE][INFO] - Detected NodeJS location: "C:\Program Files\nodejs\node.exe"

21-01-2025T22:16:46 - [MESSAGE][INFO] - PATH: C:\Program Files\nodejs;

21-01-2025T22:16:46 - [MESSAGE][INFO] - APPIUM_HOME: C:\Users\Maxxi\.appium

21-01-2025T22:16:46 - [MESSAGE][INFO] - appium outlog: C:\Users\Maxxi\git\soal_18\Reports\20250121_221439\Alfagift_Login\20250121_221439\appium.log

21-01-2025T22:16:46 - [MESSAGE][INFO] - appium errlog: C:\Users\Maxxi\git\soal_18\Reports\20250121_221439\Alfagift_Login\20250121_221439\appium_error.log

21-01-2025T22:16:51 - [MESSAGE][INFO] - Appium server started on port 58,628

21-01-2025T22:16:59 - [MESSAGE][PASSED] - Started application: 'D:\Downloads\base.apk'

21-01-2025T22:16:59 - [TEST_STEP][PASSED] - tap(findTestObject("Object Repository/button/android.widget.TextView - MASUK"), 0): Tapped on element 'Object Repository/button/android.widget.TextView - MASUK'

21-01-2025T22:16:59 - [MESSAGE][WARNING] - Timeout '0' is invalid. Using default page load timeout: '30'

21-01-2025T22:17:02 - [MESSAGE][PASSED] - Tapped on element 'Object Repository/button/android.widget.TextView - MASUK'

21-01-2025T22:17:02 - [TEST_STEP][PASSED] - setText(findTestObject("Object Repository/fields/android.widget.EditText - Nomor HPNo. kartu member"), "12345678910", 0): Text '12345678910' has been set to element 'Object Repository/fields/android.widget.EditText - Nomor HPNo. kartu member'

21-01-2025T22:17:02 - [MESSAGE][WARNING] - Timeout '0' is invalid. Using default page load timeout: '30'

21-01-2025T22:17:05 - [MESSAGE][PASSED] - Text '12345678910' has been set to element 'Object Repository/fields/android.widget.EditText - Nomor HPNo. kartu member'

21-01-2025T22:17:05 - [TEST_STEP][PASSED] - setText(findTestObject("Object Repository/fields/android.widget.EditText - Password"), "Testla123", 0): Text 'Testla123' has been set to element 'Object Repository/fields/android.widget.EditText - Password'

21-01-2025T22:17:05 - [MESSAGE][WARNING] - Timeout '0' is invalid. Using default page load timeout: '30'

21-01-2025T22:17:08 - [MESSAGE][PASSED] - Text 'Testla123' has been set to element 'Object Repository/fields/android.widget.EditText - Password'

21-01-2025T22:17:08 - [TEST_STEP][PASSED] - hideKeyboard(): Keyboard is hidden

21-01-2025T22:17:10 - [MESSAGE][PASSED] - Keyboard is hidden

21-01-2025T22:17:10 - [TEST_STEP][PASSED] - tap(findTestObject("Object Repository/button/android.widget.TextView - Selanjutnya"), 0): Tapped on element 'Object Repository/button/android.widget.TextView - Selanjutnya'

21-01-2025T22:17:10 - [MESSAGE][WARNING] - Timeout '0' is invalid. Using default page load timeout: '30'

21-01-2025T22:17:11 - [MESSAGE][PASSED] - Tapped on element 'Object Repository/button/android.widget.TextView - Selanjutnya'

21-01-2025T22:17:11 - [TEST_STEP][PASSED] - waitForElementPresent(findTestObject("Object Repository/error_msg/android.widget.TextView - Format nomor HP atau No. kartu member anda salah. Mohon periksa kembali"), 0): Element 'Object Repository/error_msg/android.widget.TextView - Format nomor HP atau No. kartu member anda salah. Mohon periksa kembali' is present

21-01-2025T22:17:11 - [MESSAGE][WARNING] - Timeout '0' is invalid. Using default page load timeout: '30'

21-01-2025T22:17:11 - [MESSAGE][PASSED] - Element 'Object Repository/error_msg/android.widget.TextView - Format nomor HP atau No. kartu member anda salah. Mohon periksa kembali' is present

21-01-2025T22:17:11 - [TEST_STEP][PASSED] - closeApplication(): Close app successfully

21-01-2025T22:17:12 - [MESSAGE][PASSED] - Close app successfully]]></system-out>
         <system-err><![CDATA[]]></system-err>
      </testcase>
      <testcase name="Test Cases/Login (Negative)/Login_when input Nomor HP less than 10 digit" time="60.373" classname="Test Cases/Login (Negative)/Login_when input Nomor HP less than 10 digit" status="FAILED">
         <failure type="FAILED" message="Test Cases/Login (Negative)/Login_when input Nomor HP less than 10 digit FAILED.&#xa;Reason:&#xa;com.kms.katalon.core.exception.StepFailedException: Failed to set text into element&#xa;	at com.kms.katalon.core.mobile.keyword.internal.MobileKeywordMain.stepFailed(MobileKeywordMain.groovy:64)&#xa;	at com.kms.katalon.core.mobile.keyword.internal.MobileKeywordMain.runKeyword(MobileKeywordMain.groovy:34)&#xa;	at com.kms.katalon.core.mobile.keyword.builtin.SetTextKeyword.setText(SetTextKeyword.groovy:62)&#xa;	at com.kms.katalon.core.mobile.keyword.builtin.SetTextKeyword.execute(SetTextKeyword.groovy:42)&#xa;	at com.kms.katalon.core.keyword.internal.KeywordExecutor.executeKeywordForPlatform(KeywordExecutor.groovy:74)&#xa;	at com.kms.katalon.core.mobile.keyword.MobileBuiltInKeywords.setText(MobileBuiltInKeywords.groovy:1307)&#xa;	at Login_when input Nomor HP less than 10 digit.run(Login_when input Nomor HP less than 10 digit:52)&#xa;	at com.kms.katalon.core.main.ScriptEngine.run(ScriptEngine.java:194)&#xa;	at com.kms.katalon.core.main.ScriptEngine.runScriptAsRawText(ScriptEngine.java:119)&#xa;	at com.kms.katalon.core.main.TestCaseExecutor.runScript(TestCaseExecutor.java:448)&#xa;	at com.kms.katalon.core.main.TestCaseExecutor.doExecute(TestCaseExecutor.java:439)&#xa;	at com.kms.katalon.core.main.TestCaseExecutor.processExecutionPhase(TestCaseExecutor.java:418)&#xa;	at com.kms.katalon.core.main.TestCaseExecutor.accessMainPhase(TestCaseExecutor.java:410)&#xa;	at com.kms.katalon.core.main.TestCaseExecutor.execute(TestCaseExecutor.java:285)&#xa;	at com.kms.katalon.core.common.CommonExecutor.accessTestCaseMainPhase(CommonExecutor.java:65)&#xa;	at com.kms.katalon.core.main.TestSuiteExecutor.accessTestSuiteMainPhase(TestSuiteExecutor.java:150)&#xa;	at com.kms.katalon.core.main.TestSuiteExecutor.execute(TestSuiteExecutor.java:106)&#xa;	at com.kms.katalon.core.main.TestCaseMain.startTestSuite(TestCaseMain.java:180)&#xa;	at TempTestSuite1737472479719.run(TempTestSuite1737472479719.groovy:35)&#xa;	at java.base/jdk.internal.reflect.NativeMethodAccessorImpl.invoke0(Native Method)&#xa;	at java.base/jdk.internal.reflect.NativeMethodAccessorImpl.invoke(NativeMethodAccessorImpl.java:77)&#xa;	at java.base/jdk.internal.reflect.DelegatingMethodAccessorImpl.invoke(DelegatingMethodAccessorImpl.java:43)&#xa;Caused by: com.kms.katalon.core.exception.StepFailedException: Object Object Repository/fields/android.widget.EditText - Nomor HPNo. kartu member not found&#xa;	at com.kms.katalon.core.mobile.keyword.internal.MobileKeywordMain.stepFailed(MobileKeywordMain.groovy:64)&#xa;	at com.kms.katalon.core.mobile.keyword.builtin.SetTextKeyword$_setText_closure1.doCall(SetTextKeyword.groovy:52)&#xa;	at com.kms.katalon.core.mobile.keyword.builtin.SetTextKeyword$_setText_closure1.call(SetTextKeyword.groovy)&#xa;	at com.kms.katalon.core.mobile.keyword.internal.MobileKeywordMain.runKeyword(MobileKeywordMain.groovy:30)&#xa;	... 20 more&#xa;"/>
         <system-out><![CDATA[21-01-2025T22:17:12 - [TEST_CASE][FAILED] - Test Cases/Login (Negative)/Login_when input Nomor HP less than 10 digit: Test Cases/Login (Negative)/Login_when input Nomor HP less than 10 digit FAILED.
Reason:
com.kms.katalon.core.exception.StepFailedException: Failed to set text into element
	at com.kms.katalon.core.mobile.keyword.internal.MobileKeywordMain.stepFailed(MobileKeywordMain.groovy:64)
	at com.kms.katalon.core.mobile.keyword.internal.MobileKeywordMain.runKeyword(MobileKeywordMain.groovy:34)
	at com.kms.katalon.core.mobile.keyword.builtin.SetTextKeyword.setText(SetTextKeyword.groovy:62)
	at com.kms.katalon.core.mobile.keyword.builtin.SetTextKeyword.execute(SetTextKeyword.groovy:42)
	at com.kms.katalon.core.keyword.internal.KeywordExecutor.executeKeywordForPlatform(KeywordExecutor.groovy:74)
	at com.kms.katalon.core.mobile.keyword.MobileBuiltInKeywords.setText(MobileBuiltInKeywords.groovy:1307)
	at Login_when input Nomor HP less than 10 digit.run(Login_when input Nomor HP less than 10 digit:52)
	at com.kms.katalon.core.main.ScriptEngine.run(ScriptEngine.java:194)
	at com.kms.katalon.core.main.ScriptEngine.runScriptAsRawText(ScriptEngine.java:119)
	at com.kms.katalon.core.main.TestCaseExecutor.runScript(TestCaseExecutor.java:448)
	at com.kms.katalon.core.main.TestCaseExecutor.doExecute(TestCaseExecutor.java:439)
	at com.kms.katalon.core.main.TestCaseExecutor.processExecutionPhase(TestCaseExecutor.java:418)
	at com.kms.katalon.core.main.TestCaseExecutor.accessMainPhase(TestCaseExecutor.java:410)
	at com.kms.katalon.core.main.TestCaseExecutor.execute(TestCaseExecutor.java:285)
	at com.kms.katalon.core.common.CommonExecutor.accessTestCaseMainPhase(CommonExecutor.java:65)
	at com.kms.katalon.core.main.TestSuiteExecutor.accessTestSuiteMainPhase(TestSuiteExecutor.java:150)
	at com.kms.katalon.core.main.TestSuiteExecutor.execute(TestSuiteExecutor.java:106)
	at com.kms.katalon.core.main.TestCaseMain.startTestSuite(TestCaseMain.java:180)
	at TempTestSuite1737472479719.run(TempTestSuite1737472479719.groovy:35)
	at java.base/jdk.internal.reflect.NativeMethodAccessorImpl.invoke0(Native Method)
	at java.base/jdk.internal.reflect.NativeMethodAccessorImpl.invoke(NativeMethodAccessorImpl.java:77)
	at java.base/jdk.internal.reflect.DelegatingMethodAccessorImpl.invoke(DelegatingMethodAccessorImpl.java:43)
Caused by: com.kms.katalon.core.exception.StepFailedException: Object Object Repository/fields/android.widget.EditText - Nomor HPNo. kartu member not found
	at com.kms.katalon.core.mobile.keyword.internal.MobileKeywordMain.stepFailed(MobileKeywordMain.groovy:64)
	at com.kms.katalon.core.mobile.keyword.builtin.SetTextKeyword$_setText_closure1.doCall(SetTextKeyword.groovy:52)
	at com.kms.katalon.core.mobile.keyword.builtin.SetTextKeyword$_setText_closure1.call(SetTextKeyword.groovy)
	at com.kms.katalon.core.mobile.keyword.internal.MobileKeywordMain.runKeyword(MobileKeywordMain.groovy:30)
	... 20 more


21-01-2025T22:17:12 - [TEST_STEP][PASSED] - startApplication("D:/Downloads/base.apk", false): Started application: 'D:\Downloads\base.apk'

21-01-2025T22:17:12 - [MESSAGE][INFO] - Starting application: 'D:\Downloads\base.apk'

21-01-2025T22:17:12 - [MESSAGE][INFO] - Detected NodeJS location: "C:\Program Files\nodejs\node.exe"

21-01-2025T22:17:18 - [MESSAGE][INFO] - PATH: C:\Program Files\nodejs;

21-01-2025T22:17:18 - [MESSAGE][INFO] - APPIUM_HOME: C:\Users\Maxxi\.appium

21-01-2025T22:17:18 - [MESSAGE][INFO] - appium outlog: C:\Users\Maxxi\git\soal_18\Reports\20250121_221439\Alfagift_Login\20250121_221439\appium.log

21-01-2025T22:17:18 - [MESSAGE][INFO] - appium errlog: C:\Users\Maxxi\git\soal_18\Reports\20250121_221439\Alfagift_Login\20250121_221439\appium_error.log

21-01-2025T22:17:22 - [MESSAGE][INFO] - Appium server started on port 58,810

21-01-2025T22:17:30 - [MESSAGE][PASSED] - Started application: 'D:\Downloads\base.apk'

21-01-2025T22:17:30 - [TEST_STEP][PASSED] - tap(findTestObject("Object Repository/button/android.widget.TextView - MASUK"), 0): Tapped on element 'Object Repository/button/android.widget.TextView - MASUK'

21-01-2025T22:17:30 - [MESSAGE][WARNING] - Timeout '0' is invalid. Using default page load timeout: '30'

21-01-2025T22:17:32 - [MESSAGE][PASSED] - Tapped on element 'Object Repository/button/android.widget.TextView - MASUK'

21-01-2025T22:17:32 - [TEST_STEP][PASSED] - setText(findTestObject("Object Repository/fields/android.widget.EditText - Nomor HPNo. kartu member"), "08737382", 0): Text '08737382' has been set to element 'Object Repository/fields/android.widget.EditText - Nomor HPNo. kartu member'

21-01-2025T22:17:32 - [MESSAGE][WARNING] - Timeout '0' is invalid. Using default page load timeout: '30'

21-01-2025T22:17:36 - [MESSAGE][PASSED] - Text '08737382' has been set to element 'Object Repository/fields/android.widget.EditText - Nomor HPNo. kartu member'

21-01-2025T22:17:36 - [TEST_STEP][PASSED] - setText(findTestObject("Object Repository/fields/android.widget.EditText - Password"), "Testla123", 0): Text 'Testla123' has been set to element 'Object Repository/fields/android.widget.EditText - Password'

21-01-2025T22:17:36 - [MESSAGE][WARNING] - Timeout '0' is invalid. Using default page load timeout: '30'

21-01-2025T22:17:39 - [MESSAGE][PASSED] - Text 'Testla123' has been set to element 'Object Repository/fields/android.widget.EditText - Password'

21-01-2025T22:17:39 - [TEST_STEP][PASSED] - hideKeyboard(): Keyboard is hidden

21-01-2025T22:17:41 - [MESSAGE][PASSED] - Keyboard is hidden

21-01-2025T22:17:41 - [TEST_STEP][PASSED] - tap(findTestObject("Object Repository/button/android.widget.TextView - Selanjutnya"), 0): Tapped on element 'Object Repository/button/android.widget.TextView - Selanjutnya'

21-01-2025T22:17:41 - [MESSAGE][WARNING] - Timeout '0' is invalid. Using default page load timeout: '30'

21-01-2025T22:17:42 - [MESSAGE][PASSED] - Tapped on element 'Object Repository/button/android.widget.TextView - Selanjutnya'

21-01-2025T22:17:42 - [TEST_STEP][PASSED] - waitForElementPresent(findTestObject("Object Repository/error_msg/android.widget.TextView - Nomor HP harus di antara 10 hingga 16 digit"), 0): Element 'Object Repository/error_msg/android.widget.TextView - Nomor HP harus di antara 10 hingga 16 digit' is present

21-01-2025T22:17:42 - [MESSAGE][WARNING] - Timeout '0' is invalid. Using default page load timeout: '30'

21-01-2025T22:17:42 - [MESSAGE][PASSED] - Element 'Object Repository/error_msg/android.widget.TextView - Nomor HP harus di antara 10 hingga 16 digit' is present

21-01-2025T22:17:42 - [TEST_STEP][FAILED] - setText(findTestObject("Object Repository/fields/android.widget.EditText - Nomor HPNo. kartu member"), "", 0): Failed to set text into element (Root cause: com.kms.katalon.core.exception.StepFailedException: Failed to set text into element
	at com.kms.katalon.core.mobile.keyword.internal.MobileKeywordMain.stepFailed(MobileKeywordMain.groovy:64)
	at com.kms.katalon.core.mobile.keyword.internal.MobileKeywordMain.runKeyword(MobileKeywordMain.groovy:34)
	at com.kms.katalon.core.mobile.keyword.builtin.SetTextKeyword.setText(SetTextKeyword.groovy:62)
	at com.kms.katalon.core.mobile.keyword.builtin.SetTextKeyword.execute(SetTextKeyword.groovy:42)
	at com.kms.katalon.core.keyword.internal.KeywordExecutor.executeKeywordForPlatform(KeywordExecutor.groovy:74)
	at com.kms.katalon.core.mobile.keyword.MobileBuiltInKeywords.setText(MobileBuiltInKeywords.groovy:1307)
	at Login_when input Nomor HP less than 10 digit.run(Login_when input Nomor HP less than 10 digit:52)
	at com.kms.katalon.core.main.ScriptEngine.run(ScriptEngine.java:194)
	at com.kms.katalon.core.main.ScriptEngine.runScriptAsRawText(ScriptEngine.java:119)
	at com.kms.katalon.core.main.TestCaseExecutor.runScript(TestCaseExecutor.java:448)
	at com.kms.katalon.core.main.TestCaseExecutor.doExecute(TestCaseExecutor.java:439)
	at com.kms.katalon.core.main.TestCaseExecutor.processExecutionPhase(TestCaseExecutor.java:418)
	at com.kms.katalon.core.main.TestCaseExecutor.accessMainPhase(TestCaseExecutor.java:410)
	at com.kms.katalon.core.main.TestCaseExecutor.execute(TestCaseExecutor.java:285)
	at com.kms.katalon.core.common.CommonExecutor.accessTestCaseMainPhase(CommonExecutor.java:65)
	at com.kms.katalon.core.main.TestSuiteExecutor.accessTestSuiteMainPhase(TestSuiteExecutor.java:150)
	at com.kms.katalon.core.main.TestSuiteExecutor.execute(TestSuiteExecutor.java:106)
	at com.kms.katalon.core.main.TestCaseMain.startTestSuite(TestCaseMain.java:180)
	at TempTestSuite1737472479719.run(TempTestSuite1737472479719.groovy:35)
	at java.base/jdk.internal.reflect.NativeMethodAccessorImpl.invoke0(Native Method)
	at java.base/jdk.internal.reflect.NativeMethodAccessorImpl.invoke(NativeMethodAccessorImpl.java:77)
	at java.base/jdk.internal.reflect.DelegatingMethodAccessorImpl.invoke(DelegatingMethodAccessorImpl.java:43)
Caused by: com.kms.katalon.core.exception.StepFailedException: Object Object Repository/fields/android.widget.EditText - Nomor HPNo. kartu member not found
	at com.kms.katalon.core.mobile.keyword.internal.MobileKeywordMain.stepFailed(MobileKeywordMain.groovy:64)
	at com.kms.katalon.core.mobile.keyword.builtin.SetTextKeyword$_setText_closure1.doCall(SetTextKeyword.groovy:52)
	at com.kms.katalon.core.mobile.keyword.builtin.SetTextKeyword$_setText_closure1.call(SetTextKeyword.groovy)
	at com.kms.katalon.core.mobile.keyword.internal.MobileKeywordMain.runKeyword(MobileKeywordMain.groovy:30)
	... 20 more
)

21-01-2025T22:17:42 - [MESSAGE][WARNING] - Timeout '0' is invalid. Using default page load timeout: '30'

21-01-2025T22:18:12 - [MESSAGE][FAILED] - Object Object Repository/fields/android.widget.EditText - Nomor HPNo. kartu member not found (Root cause: com.kms.katalon.core.exception.StepFailedException: Object Object Repository/fields/android.widget.EditText - Nomor HPNo. kartu member not found
	at com.kms.katalon.core.mobile.keyword.internal.MobileKeywordMain.stepFailed(MobileKeywordMain.groovy:64)
	at com.kms.katalon.core.mobile.keyword.builtin.SetTextKeyword$_setText_closure1.doCall(SetTextKeyword.groovy:52)
	at com.kms.katalon.core.mobile.keyword.builtin.SetTextKeyword$_setText_closure1.call(SetTextKeyword.groovy)
	at com.kms.katalon.core.mobile.keyword.internal.MobileKeywordMain.runKeyword(MobileKeywordMain.groovy:30)
	at com.kms.katalon.core.mobile.keyword.builtin.SetTextKeyword.setText(SetTextKeyword.groovy:62)
	at com.kms.katalon.core.mobile.keyword.builtin.SetTextKeyword.execute(SetTextKeyword.groovy:42)
	at com.kms.katalon.core.keyword.internal.KeywordExecutor.executeKeywordForPlatform(KeywordExecutor.groovy:74)
	at com.kms.katalon.core.mobile.keyword.MobileBuiltInKeywords.setText(MobileBuiltInKeywords.groovy:1307)
	at Login_when input Nomor HP less than 10 digit.run(Login_when input Nomor HP less than 10 digit:52)
	at com.kms.katalon.core.main.ScriptEngine.run(ScriptEngine.java:194)
	at com.kms.katalon.core.main.ScriptEngine.runScriptAsRawText(ScriptEngine.java:119)
	at com.kms.katalon.core.main.TestCaseExecutor.runScript(TestCaseExecutor.java:448)
	at com.kms.katalon.core.main.TestCaseExecutor.doExecute(TestCaseExecutor.java:439)
	at com.kms.katalon.core.main.TestCaseExecutor.processExecutionPhase(TestCaseExecutor.java:418)
	at com.kms.katalon.core.main.TestCaseExecutor.accessMainPhase(TestCaseExecutor.java:410)
	at com.kms.katalon.core.main.TestCaseExecutor.execute(TestCaseExecutor.java:285)
	at com.kms.katalon.core.common.CommonExecutor.accessTestCaseMainPhase(CommonExecutor.java:65)
	at com.kms.katalon.core.main.TestSuiteExecutor.accessTestSuiteMainPhase(TestSuiteExecutor.java:150)
	at com.kms.katalon.core.main.TestSuiteExecutor.execute(TestSuiteExecutor.java:106)
	at com.kms.katalon.core.main.TestCaseMain.startTestSuite(TestCaseMain.java:180)
	at TempTestSuite1737472479719.run(TempTestSuite1737472479719.groovy:35)
	at java.base/jdk.internal.reflect.NativeMethodAccessorImpl.invoke0(Native Method)
	at java.base/jdk.internal.reflect.NativeMethodAccessorImpl.invoke(NativeMethodAccessorImpl.java:77)
	at java.base/jdk.internal.reflect.DelegatingMethodAccessorImpl.invoke(DelegatingMethodAccessorImpl.java:43)
)

21-01-2025T22:18:12 - [MESSAGE][FAILED] - Failed to set text into element (Root cause: com.kms.katalon.core.exception.StepFailedException: Failed to set text into element
	at com.kms.katalon.core.mobile.keyword.internal.MobileKeywordMain.stepFailed(MobileKeywordMain.groovy:64)
	at com.kms.katalon.core.mobile.keyword.internal.MobileKeywordMain.runKeyword(MobileKeywordMain.groovy:34)
	at com.kms.katalon.core.mobile.keyword.builtin.SetTextKeyword.setText(SetTextKeyword.groovy:62)
	at com.kms.katalon.core.mobile.keyword.builtin.SetTextKeyword.execute(SetTextKeyword.groovy:42)
	at com.kms.katalon.core.keyword.internal.KeywordExecutor.executeKeywordForPlatform(KeywordExecutor.groovy:74)
	at com.kms.katalon.core.mobile.keyword.MobileBuiltInKeywords.setText(MobileBuiltInKeywords.groovy:1307)
	at Login_when input Nomor HP less than 10 digit.run(Login_when input Nomor HP less than 10 digit:52)
	at com.kms.katalon.core.main.ScriptEngine.run(ScriptEngine.java:194)
	at com.kms.katalon.core.main.ScriptEngine.runScriptAsRawText(ScriptEngine.java:119)
	at com.kms.katalon.core.main.TestCaseExecutor.runScript(TestCaseExecutor.java:448)
	at com.kms.katalon.core.main.TestCaseExecutor.doExecute(TestCaseExecutor.java:439)
	at com.kms.katalon.core.main.TestCaseExecutor.processExecutionPhase(TestCaseExecutor.java:418)
	at com.kms.katalon.core.main.TestCaseExecutor.accessMainPhase(TestCaseExecutor.java:410)
	at com.kms.katalon.core.main.TestCaseExecutor.execute(TestCaseExecutor.java:285)
	at com.kms.katalon.core.common.CommonExecutor.accessTestCaseMainPhase(CommonExecutor.java:65)
	at com.kms.katalon.core.main.TestSuiteExecutor.accessTestSuiteMainPhase(TestSuiteExecutor.java:150)
	at com.kms.katalon.core.main.TestSuiteExecutor.execute(TestSuiteExecutor.java:106)
	at com.kms.katalon.core.main.TestCaseMain.startTestSuite(TestCaseMain.java:180)
	at TempTestSuite1737472479719.run(TempTestSuite1737472479719.groovy:35)
	at java.base/jdk.internal.reflect.NativeMethodAccessorImpl.invoke0(Native Method)
	at java.base/jdk.internal.reflect.NativeMethodAccessorImpl.invoke(NativeMethodAccessorImpl.java:77)
	at java.base/jdk.internal.reflect.DelegatingMethodAccessorImpl.invoke(DelegatingMethodAccessorImpl.java:43)
Caused by: com.kms.katalon.core.exception.StepFailedException: Object Object Repository/fields/android.widget.EditText - Nomor HPNo. kartu member not found
	at com.kms.katalon.core.mobile.keyword.internal.MobileKeywordMain.stepFailed(MobileKeywordMain.groovy:64)
	at com.kms.katalon.core.mobile.keyword.builtin.SetTextKeyword$_setText_closure1.doCall(SetTextKeyword.groovy:52)
	at com.kms.katalon.core.mobile.keyword.builtin.SetTextKeyword$_setText_closure1.call(SetTextKeyword.groovy)
	at com.kms.katalon.core.mobile.keyword.internal.MobileKeywordMain.runKeyword(MobileKeywordMain.groovy:30)
	... 20 more
)]]></system-out>
         <system-err><![CDATA[21-01-2025T22:17:12 - [TEST_CASE][FAILED] - Test Cases/Login (Negative)/Login_when input Nomor HP less than 10 digit: Test Cases/Login (Negative)/Login_when input Nomor HP less than 10 digit FAILED.
Reason:
com.kms.katalon.core.exception.StepFailedException: Failed to set text into element
	at com.kms.katalon.core.mobile.keyword.internal.MobileKeywordMain.stepFailed(MobileKeywordMain.groovy:64)
	at com.kms.katalon.core.mobile.keyword.internal.MobileKeywordMain.runKeyword(MobileKeywordMain.groovy:34)
	at com.kms.katalon.core.mobile.keyword.builtin.SetTextKeyword.setText(SetTextKeyword.groovy:62)
	at com.kms.katalon.core.mobile.keyword.builtin.SetTextKeyword.execute(SetTextKeyword.groovy:42)
	at com.kms.katalon.core.keyword.internal.KeywordExecutor.executeKeywordForPlatform(KeywordExecutor.groovy:74)
	at com.kms.katalon.core.mobile.keyword.MobileBuiltInKeywords.setText(MobileBuiltInKeywords.groovy:1307)
	at Login_when input Nomor HP less than 10 digit.run(Login_when input Nomor HP less than 10 digit:52)
	at com.kms.katalon.core.main.ScriptEngine.run(ScriptEngine.java:194)
	at com.kms.katalon.core.main.ScriptEngine.runScriptAsRawText(ScriptEngine.java:119)
	at com.kms.katalon.core.main.TestCaseExecutor.runScript(TestCaseExecutor.java:448)
	at com.kms.katalon.core.main.TestCaseExecutor.doExecute(TestCaseExecutor.java:439)
	at com.kms.katalon.core.main.TestCaseExecutor.processExecutionPhase(TestCaseExecutor.java:418)
	at com.kms.katalon.core.main.TestCaseExecutor.accessMainPhase(TestCaseExecutor.java:410)
	at com.kms.katalon.core.main.TestCaseExecutor.execute(TestCaseExecutor.java:285)
	at com.kms.katalon.core.common.CommonExecutor.accessTestCaseMainPhase(CommonExecutor.java:65)
	at com.kms.katalon.core.main.TestSuiteExecutor.accessTestSuiteMainPhase(TestSuiteExecutor.java:150)
	at com.kms.katalon.core.main.TestSuiteExecutor.execute(TestSuiteExecutor.java:106)
	at com.kms.katalon.core.main.TestCaseMain.startTestSuite(TestCaseMain.java:180)
	at TempTestSuite1737472479719.run(TempTestSuite1737472479719.groovy:35)
	at java.base/jdk.internal.reflect.NativeMethodAccessorImpl.invoke0(Native Method)
	at java.base/jdk.internal.reflect.NativeMethodAccessorImpl.invoke(NativeMethodAccessorImpl.java:77)
	at java.base/jdk.internal.reflect.DelegatingMethodAccessorImpl.invoke(DelegatingMethodAccessorImpl.java:43)
Caused by: com.kms.katalon.core.exception.StepFailedException: Object Object Repository/fields/android.widget.EditText - Nomor HPNo. kartu member not found
	at com.kms.katalon.core.mobile.keyword.internal.MobileKeywordMain.stepFailed(MobileKeywordMain.groovy:64)
	at com.kms.katalon.core.mobile.keyword.builtin.SetTextKeyword$_setText_closure1.doCall(SetTextKeyword.groovy:52)
	at com.kms.katalon.core.mobile.keyword.builtin.SetTextKeyword$_setText_closure1.call(SetTextKeyword.groovy)
	at com.kms.katalon.core.mobile.keyword.internal.MobileKeywordMain.runKeyword(MobileKeywordMain.groovy:30)
	... 20 more]]></system-err>
      </testcase>
      <testcase name="Test Cases/Login (Negative)/Login_when input Nomor HP other than starting with 62 and 08" time="37.469" classname="Test Cases/Login (Negative)/Login_when input Nomor HP other than starting with 62 and 08" status="PASSED">
         <system-out><![CDATA[21-01-2025T22:18:12 - [TEST_CASE][PASSED] - Test Cases/Login (Negative)/Login_when input Nomor HP other than starting with 62 and 08: Test Cases/Login (Negative)/Login_when input Nomor HP other than starting with 62 and 08

21-01-2025T22:18:13 - [TEST_STEP][PASSED] - startApplication("D:/Downloads/base.apk", false): Started application: 'D:\Downloads\base.apk'

21-01-2025T22:18:13 - [MESSAGE][INFO] - Starting application: 'D:\Downloads\base.apk'

21-01-2025T22:18:18 - [MESSAGE][PASSED] - Started application: 'D:\Downloads\base.apk'

21-01-2025T22:18:18 - [TEST_STEP][PASSED] - tap(findTestObject("Object Repository/button/android.widget.TextView - MASUK"), 0): Tapped on element 'Object Repository/button/android.widget.TextView - MASUK'

21-01-2025T22:18:18 - [MESSAGE][WARNING] - Timeout '0' is invalid. Using default page load timeout: '30'

21-01-2025T22:18:40 - [MESSAGE][PASSED] - Tapped on element 'Object Repository/button/android.widget.TextView - MASUK'

21-01-2025T22:18:40 - [TEST_STEP][PASSED] - setText(findTestObject("Object Repository/fields/android.widget.EditText - Nomor HPNo. kartu member"), "652723617376", 0): Text '652723617376' has been set to element 'Object Repository/fields/android.widget.EditText - Nomor HPNo. kartu member'

21-01-2025T22:18:40 - [MESSAGE][WARNING] - Timeout '0' is invalid. Using default page load timeout: '30'

21-01-2025T22:18:43 - [MESSAGE][PASSED] - Text '652723617376' has been set to element 'Object Repository/fields/android.widget.EditText - Nomor HPNo. kartu member'

21-01-2025T22:18:43 - [TEST_STEP][PASSED] - setText(findTestObject("Object Repository/fields/android.widget.EditText - Password"), "Testla123", 0): Text 'Testla123' has been set to element 'Object Repository/fields/android.widget.EditText - Password'

21-01-2025T22:18:43 - [MESSAGE][WARNING] - Timeout '0' is invalid. Using default page load timeout: '30'

21-01-2025T22:18:46 - [MESSAGE][PASSED] - Text 'Testla123' has been set to element 'Object Repository/fields/android.widget.EditText - Password'

21-01-2025T22:18:46 - [TEST_STEP][PASSED] - hideKeyboard(): Keyboard is hidden

21-01-2025T22:18:48 - [MESSAGE][PASSED] - Keyboard is hidden

21-01-2025T22:18:48 - [TEST_STEP][PASSED] - tap(findTestObject("Object Repository/button/android.widget.TextView - Selanjutnya"), 0): Tapped on element 'Object Repository/button/android.widget.TextView - Selanjutnya'

21-01-2025T22:18:48 - [MESSAGE][WARNING] - Timeout '0' is invalid. Using default page load timeout: '30'

21-01-2025T22:18:48 - [MESSAGE][PASSED] - Tapped on element 'Object Repository/button/android.widget.TextView - Selanjutnya'

21-01-2025T22:18:48 - [TEST_STEP][PASSED] - waitForElementPresent(findTestObject("Object Repository/error_msg/android.widget.TextView - Format nomor HP atau No. kartu member anda salah. Mohon periksa kembali"), 0): Element 'Object Repository/error_msg/android.widget.TextView - Format nomor HP atau No. kartu member anda salah. Mohon periksa kembali' is present

21-01-2025T22:18:48 - [MESSAGE][WARNING] - Timeout '0' is invalid. Using default page load timeout: '30'

21-01-2025T22:18:49 - [MESSAGE][PASSED] - Element 'Object Repository/error_msg/android.widget.TextView - Format nomor HP atau No. kartu member anda salah. Mohon periksa kembali' is present

21-01-2025T22:18:49 - [TEST_STEP][PASSED] - closeApplication(): Close app successfully

21-01-2025T22:18:50 - [MESSAGE][PASSED] - Close app successfully]]></system-out>
         <system-err><![CDATA[]]></system-err>
      </testcase>
      <testcase name="Test Cases/Login (Negative)/Login_when input Password less than 8 character" time="31.363" classname="Test Cases/Login (Negative)/Login_when input Password less than 8 character" status="PASSED">
         <system-out><![CDATA[21-01-2025T22:18:50 - [TEST_CASE][PASSED] - Test Cases/Login (Negative)/Login_when input Password less than 8 character: Test Cases/Login (Negative)/Login_when input Password less than 8 character

21-01-2025T22:18:50 - [TEST_STEP][PASSED] - startApplication("D:/Downloads/base.apk", false): Started application: 'D:\Downloads\base.apk'

21-01-2025T22:18:50 - [MESSAGE][INFO] - Starting application: 'D:\Downloads\base.apk'

21-01-2025T22:18:50 - [MESSAGE][INFO] - Detected NodeJS location: "C:\Program Files\nodejs\node.exe"

21-01-2025T22:18:56 - [MESSAGE][INFO] - PATH: C:\Program Files\nodejs;

21-01-2025T22:18:56 - [MESSAGE][INFO] - APPIUM_HOME: C:\Users\Maxxi\.appium

21-01-2025T22:18:56 - [MESSAGE][INFO] - appium outlog: C:\Users\Maxxi\git\soal_18\Reports\20250121_221439\Alfagift_Login\20250121_221439\appium.log

21-01-2025T22:18:56 - [MESSAGE][INFO] - appium errlog: C:\Users\Maxxi\git\soal_18\Reports\20250121_221439\Alfagift_Login\20250121_221439\appium_error.log

21-01-2025T22:19:00 - [MESSAGE][INFO] - Appium server started on port 59,126

21-01-2025T22:19:08 - [MESSAGE][PASSED] - Started application: 'D:\Downloads\base.apk'

21-01-2025T22:19:08 - [TEST_STEP][PASSED] - tap(findTestObject("Object Repository/button/android.widget.TextView - MASUK"), 0): Tapped on element 'Object Repository/button/android.widget.TextView - MASUK'

21-01-2025T22:19:08 - [MESSAGE][WARNING] - Timeout '0' is invalid. Using default page load timeout: '30'

21-01-2025T22:19:11 - [MESSAGE][PASSED] - Tapped on element 'Object Repository/button/android.widget.TextView - MASUK'

21-01-2025T22:19:11 - [TEST_STEP][PASSED] - setText(findTestObject("Object Repository/fields/android.widget.EditText - Nomor HPNo. kartu member"), "0872737364910", 0): Text '0872737364910' has been set to element 'Object Repository/fields/android.widget.EditText - Nomor HPNo. kartu member'

21-01-2025T22:19:11 - [MESSAGE][WARNING] - Timeout '0' is invalid. Using default page load timeout: '30'

21-01-2025T22:19:14 - [MESSAGE][PASSED] - Text '0872737364910' has been set to element 'Object Repository/fields/android.widget.EditText - Nomor HPNo. kartu member'

21-01-2025T22:19:14 - [TEST_STEP][PASSED] - setText(findTestObject("Object Repository/fields/android.widget.EditText - Password"), "Testla", 0): Text 'Testla' has been set to element 'Object Repository/fields/android.widget.EditText - Password'

21-01-2025T22:19:14 - [MESSAGE][WARNING] - Timeout '0' is invalid. Using default page load timeout: '30'

21-01-2025T22:19:17 - [MESSAGE][PASSED] - Text 'Testla' has been set to element 'Object Repository/fields/android.widget.EditText - Password'

21-01-2025T22:19:17 - [TEST_STEP][PASSED] - hideKeyboard(): Keyboard is hidden

21-01-2025T22:19:19 - [MESSAGE][PASSED] - Keyboard is hidden

21-01-2025T22:19:19 - [TEST_STEP][PASSED] - tap(findTestObject("Object Repository/button/android.widget.TextView - Selanjutnya"), 0): Tapped on element 'Object Repository/button/android.widget.TextView - Selanjutnya'

21-01-2025T22:19:19 - [MESSAGE][WARNING] - Timeout '0' is invalid. Using default page load timeout: '30'

21-01-2025T22:19:20 - [MESSAGE][PASSED] - Tapped on element 'Object Repository/button/android.widget.TextView - Selanjutnya'

21-01-2025T22:19:20 - [TEST_STEP][PASSED] - waitForElementPresent(findTestObject("Object Repository/error_msg/android.widget.TextView - Kata sandi minimum 8 karakter"), 0): Element 'Object Repository/error_msg/android.widget.TextView - Kata sandi minimum 8 karakter' is present

21-01-2025T22:19:20 - [MESSAGE][WARNING] - Timeout '0' is invalid. Using default page load timeout: '30'

21-01-2025T22:19:20 - [MESSAGE][PASSED] - Element 'Object Repository/error_msg/android.widget.TextView - Kata sandi minimum 8 karakter' is present

21-01-2025T22:19:20 - [TEST_STEP][PASSED] - closeApplication(): Close app successfully

21-01-2025T22:19:21 - [MESSAGE][PASSED] - Close app successfully]]></system-out>
         <system-err><![CDATA[]]></system-err>
      </testcase>
      <testcase name="Test Cases/Login (Negative)/Login_when wrong No Kartu Member" time="27.17" classname="Test Cases/Login (Negative)/Login_when wrong No Kartu Member" status="PASSED">
         <system-out><![CDATA[21-01-2025T22:19:21 - [TEST_CASE][PASSED] - Test Cases/Login (Negative)/Login_when wrong No Kartu Member: Test Cases/Login (Negative)/Login_when wrong No Kartu Member

21-01-2025T22:19:21 - [TEST_STEP][PASSED] - startApplication("D:/Downloads/base.apk", false): Started application: 'D:\Downloads\base.apk'

21-01-2025T22:19:21 - [MESSAGE][INFO] - Starting application: 'D:\Downloads\base.apk'

21-01-2025T22:19:21 - [MESSAGE][INFO] - Detected NodeJS location: "C:\Program Files\nodejs\node.exe"

21-01-2025T22:19:21 - [MESSAGE][INFO] - PATH: C:\Program Files\nodejs;

21-01-2025T22:19:21 - [MESSAGE][INFO] - APPIUM_HOME: C:\Users\Maxxi\.appium

21-01-2025T22:19:21 - [MESSAGE][INFO] - appium outlog: C:\Users\Maxxi\git\soal_18\Reports\20250121_221439\Alfagift_Login\20250121_221439\appium.log

21-01-2025T22:19:21 - [MESSAGE][INFO] - appium errlog: C:\Users\Maxxi\git\soal_18\Reports\20250121_221439\Alfagift_Login\20250121_221439\appium_error.log

21-01-2025T22:19:26 - [MESSAGE][INFO] - Appium server started on port 59,308

21-01-2025T22:19:35 - [MESSAGE][PASSED] - Started application: 'D:\Downloads\base.apk'

21-01-2025T22:19:35 - [TEST_STEP][PASSED] - tap(findTestObject("Object Repository/button/android.widget.TextView - MASUK"), 0): Tapped on element 'Object Repository/button/android.widget.TextView - MASUK'

21-01-2025T22:19:35 - [MESSAGE][WARNING] - Timeout '0' is invalid. Using default page load timeout: '30'

21-01-2025T22:19:38 - [MESSAGE][PASSED] - Tapped on element 'Object Repository/button/android.widget.TextView - MASUK'

21-01-2025T22:19:38 - [TEST_STEP][PASSED] - setText(findTestObject("Object Repository/fields/android.widget.EditText - Nomor HPNo. kartu member"), "9990015830750836", 0): Text '9990015830750836' has been set to element 'Object Repository/fields/android.widget.EditText - Nomor HPNo. kartu member'

21-01-2025T22:19:38 - [MESSAGE][WARNING] - Timeout '0' is invalid. Using default page load timeout: '30'

21-01-2025T22:19:41 - [MESSAGE][PASSED] - Text '9990015830750836' has been set to element 'Object Repository/fields/android.widget.EditText - Nomor HPNo. kartu member'

21-01-2025T22:19:41 - [TEST_STEP][PASSED] - setText(findTestObject("Object Repository/fields/android.widget.EditText - Password"), "Testla123", 0): Text 'Testla123' has been set to element 'Object Repository/fields/android.widget.EditText - Password'

21-01-2025T22:19:41 - [MESSAGE][WARNING] - Timeout '0' is invalid. Using default page load timeout: '30'

21-01-2025T22:19:44 - [MESSAGE][PASSED] - Text 'Testla123' has been set to element 'Object Repository/fields/android.widget.EditText - Password'

21-01-2025T22:19:44 - [TEST_STEP][PASSED] - hideKeyboard(): Keyboard is hidden

21-01-2025T22:19:46 - [MESSAGE][PASSED] - Keyboard is hidden

21-01-2025T22:19:46 - [TEST_STEP][PASSED] - tap(findTestObject("Object Repository/button/android.widget.TextView - Selanjutnya"), 0): Tapped on element 'Object Repository/button/android.widget.TextView - Selanjutnya'

21-01-2025T22:19:46 - [MESSAGE][WARNING] - Timeout '0' is invalid. Using default page load timeout: '30'

21-01-2025T22:19:47 - [MESSAGE][PASSED] - Tapped on element 'Object Repository/button/android.widget.TextView - Selanjutnya'

21-01-2025T22:19:47 - [TEST_STEP][PASSED] - waitForElementPresent(findTestObject("Object Repository/error_msg/android.widget.TextView - Login Gagal"), 0): Element 'Object Repository/error_msg/android.widget.TextView - Login Gagal' is present

21-01-2025T22:19:47 - [MESSAGE][WARNING] - Timeout '0' is invalid. Using default page load timeout: '30'

21-01-2025T22:19:48 - [MESSAGE][PASSED] - Element 'Object Repository/error_msg/android.widget.TextView - Login Gagal' is present

21-01-2025T22:19:48 - [TEST_STEP][PASSED] - closeApplication(): Close app successfully

21-01-2025T22:19:48 - [MESSAGE][PASSED] - Close app successfully]]></system-out>
         <system-err><![CDATA[]]></system-err>
      </testcase>
      <testcase name="Test Cases/Login (Negative)/Login_when wrong Nomor HP" time="31.427" classname="Test Cases/Login (Negative)/Login_when wrong Nomor HP" status="PASSED">
         <system-out><![CDATA[21-01-2025T22:19:48 - [TEST_CASE][PASSED] - Test Cases/Login (Negative)/Login_when wrong Nomor HP: Test Cases/Login (Negative)/Login_when wrong Nomor HP

21-01-2025T22:19:49 - [TEST_STEP][PASSED] - startApplication("D:/Downloads/base.apk", false): Started application: 'D:\Downloads\base.apk'

21-01-2025T22:19:49 - [MESSAGE][INFO] - Starting application: 'D:\Downloads\base.apk'

21-01-2025T22:19:49 - [MESSAGE][INFO] - Detected NodeJS location: "C:\Program Files\nodejs\node.exe"

21-01-2025T22:19:54 - [MESSAGE][INFO] - PATH: C:\Program Files\nodejs;

21-01-2025T22:19:54 - [MESSAGE][INFO] - APPIUM_HOME: C:\Users\Maxxi\.appium

21-01-2025T22:19:54 - [MESSAGE][INFO] - appium outlog: C:\Users\Maxxi\git\soal_18\Reports\20250121_221439\Alfagift_Login\20250121_221439\appium.log

21-01-2025T22:19:54 - [MESSAGE][INFO] - appium errlog: C:\Users\Maxxi\git\soal_18\Reports\20250121_221439\Alfagift_Login\20250121_221439\appium_error.log

21-01-2025T22:19:58 - [MESSAGE][INFO] - Appium server started on port 59,489

21-01-2025T22:20:07 - [MESSAGE][PASSED] - Started application: 'D:\Downloads\base.apk'

21-01-2025T22:20:07 - [TEST_STEP][PASSED] - tap(findTestObject("Object Repository/button/android.widget.TextView - MASUK"), 0): Tapped on element 'Object Repository/button/android.widget.TextView - MASUK'

21-01-2025T22:20:07 - [MESSAGE][WARNING] - Timeout '0' is invalid. Using default page load timeout: '30'

21-01-2025T22:20:10 - [MESSAGE][PASSED] - Tapped on element 'Object Repository/button/android.widget.TextView - MASUK'

21-01-2025T22:20:10 - [TEST_STEP][PASSED] - setText(findTestObject("Object Repository/fields/android.widget.EditText - Nomor HPNo. kartu member"), "085156622852", 0): Text '085156622852' has been set to element 'Object Repository/fields/android.widget.EditText - Nomor HPNo. kartu member'

21-01-2025T22:20:10 - [MESSAGE][WARNING] - Timeout '0' is invalid. Using default page load timeout: '30'

21-01-2025T22:20:13 - [MESSAGE][PASSED] - Text '085156622852' has been set to element 'Object Repository/fields/android.widget.EditText - Nomor HPNo. kartu member'

21-01-2025T22:20:13 - [TEST_STEP][PASSED] - setText(findTestObject("Object Repository/fields/android.widget.EditText - Password"), "Testla123", 0): Text 'Testla123' has been set to element 'Object Repository/fields/android.widget.EditText - Password'

21-01-2025T22:20:13 - [MESSAGE][WARNING] - Timeout '0' is invalid. Using default page load timeout: '30'

21-01-2025T22:20:15 - [MESSAGE][PASSED] - Text 'Testla123' has been set to element 'Object Repository/fields/android.widget.EditText - Password'

21-01-2025T22:20:15 - [TEST_STEP][PASSED] - hideKeyboard(): Keyboard is hidden

21-01-2025T22:20:17 - [MESSAGE][PASSED] - Keyboard is hidden

21-01-2025T22:20:17 - [TEST_STEP][PASSED] - tap(findTestObject("Object Repository/button/android.widget.TextView - Selanjutnya"), 0): Tapped on element 'Object Repository/button/android.widget.TextView - Selanjutnya'

21-01-2025T22:20:17 - [MESSAGE][WARNING] - Timeout '0' is invalid. Using default page load timeout: '30'

21-01-2025T22:20:18 - [MESSAGE][PASSED] - Tapped on element 'Object Repository/button/android.widget.TextView - Selanjutnya'

21-01-2025T22:20:18 - [TEST_STEP][PASSED] - waitForElementPresent(findTestObject("Object Repository/error_msg/android.widget.TextView - Login Gagal"), 0): Element 'Object Repository/error_msg/android.widget.TextView - Login Gagal' is present

21-01-2025T22:20:18 - [MESSAGE][WARNING] - Timeout '0' is invalid. Using default page load timeout: '30'

21-01-2025T22:20:19 - [MESSAGE][PASSED] - Element 'Object Repository/error_msg/android.widget.TextView - Login Gagal' is present

21-01-2025T22:20:19 - [TEST_STEP][PASSED] - closeApplication(): Close app successfully

21-01-2025T22:20:20 - [MESSAGE][PASSED] - Close app successfully]]></system-out>
         <system-err><![CDATA[]]></system-err>
      </testcase>
      <testcase name="Test Cases/Login (Negative)/Login_when wrong Password" time="26.679" classname="Test Cases/Login (Negative)/Login_when wrong Password" status="PASSED">
         <system-out><![CDATA[21-01-2025T22:20:20 - [TEST_CASE][PASSED] - Test Cases/Login (Negative)/Login_when wrong Password: Test Cases/Login (Negative)/Login_when wrong Password

21-01-2025T22:20:20 - [TEST_STEP][PASSED] - startApplication("D:/Downloads/base.apk", false): Started application: 'D:\Downloads\base.apk'

21-01-2025T22:20:20 - [MESSAGE][INFO] - Starting application: 'D:\Downloads\base.apk'

21-01-2025T22:20:20 - [MESSAGE][INFO] - Detected NodeJS location: "C:\Program Files\nodejs\node.exe"

21-01-2025T22:20:20 - [MESSAGE][INFO] - PATH: C:\Program Files\nodejs;

21-01-2025T22:20:20 - [MESSAGE][INFO] - APPIUM_HOME: C:\Users\Maxxi\.appium

21-01-2025T22:20:20 - [MESSAGE][INFO] - appium outlog: C:\Users\Maxxi\git\soal_18\Reports\20250121_221439\Alfagift_Login\20250121_221439\appium.log

21-01-2025T22:20:20 - [MESSAGE][INFO] - appium errlog: C:\Users\Maxxi\git\soal_18\Reports\20250121_221439\Alfagift_Login\20250121_221439\appium_error.log

21-01-2025T22:20:24 - [MESSAGE][INFO] - Appium server started on port 59,675

21-01-2025T22:20:33 - [MESSAGE][PASSED] - Started application: 'D:\Downloads\base.apk'

21-01-2025T22:20:33 - [TEST_STEP][PASSED] - tap(findTestObject("Object Repository/button/android.widget.TextView - MASUK"), 0): Tapped on element 'Object Repository/button/android.widget.TextView - MASUK'

21-01-2025T22:20:33 - [MESSAGE][WARNING] - Timeout '0' is invalid. Using default page load timeout: '30'

21-01-2025T22:20:35 - [MESSAGE][PASSED] - Tapped on element 'Object Repository/button/android.widget.TextView - MASUK'

21-01-2025T22:20:35 - [TEST_STEP][PASSED] - setText(findTestObject("Object Repository/fields/android.widget.EditText - Nomor HPNo. kartu member"), "085156622850", 0): Text '085156622850' has been set to element 'Object Repository/fields/android.widget.EditText - Nomor HPNo. kartu member'

21-01-2025T22:20:35 - [MESSAGE][WARNING] - Timeout '0' is invalid. Using default page load timeout: '30'

21-01-2025T22:20:39 - [MESSAGE][PASSED] - Text '085156622850' has been set to element 'Object Repository/fields/android.widget.EditText - Nomor HPNo. kartu member'

21-01-2025T22:20:39 - [TEST_STEP][PASSED] - setText(findTestObject("Object Repository/fields/android.widget.EditText - Password"), "Testla456", 0): Text 'Testla456' has been set to element 'Object Repository/fields/android.widget.EditText - Password'

21-01-2025T22:20:39 - [MESSAGE][WARNING] - Timeout '0' is invalid. Using default page load timeout: '30'

21-01-2025T22:20:42 - [MESSAGE][PASSED] - Text 'Testla456' has been set to element 'Object Repository/fields/android.widget.EditText - Password'

21-01-2025T22:20:42 - [TEST_STEP][PASSED] - hideKeyboard(): Keyboard is hidden

21-01-2025T22:20:44 - [MESSAGE][PASSED] - Keyboard is hidden

21-01-2025T22:20:44 - [TEST_STEP][PASSED] - tap(findTestObject("Object Repository/button/android.widget.TextView - Selanjutnya"), 0): Tapped on element 'Object Repository/button/android.widget.TextView - Selanjutnya'

21-01-2025T22:20:44 - [MESSAGE][WARNING] - Timeout '0' is invalid. Using default page load timeout: '30'

21-01-2025T22:20:45 - [MESSAGE][PASSED] - Tapped on element 'Object Repository/button/android.widget.TextView - Selanjutnya'

21-01-2025T22:20:45 - [TEST_STEP][PASSED] - waitForElementPresent(findTestObject("Object Repository/error_msg/android.widget.TextView - Password Anda salah. Silahkan coba lagi"), 0): Element 'Object Repository/error_msg/android.widget.TextView - Password Anda salah. Silahkan coba lagi' is present

21-01-2025T22:20:45 - [MESSAGE][WARNING] - Timeout '0' is invalid. Using default page load timeout: '30'

21-01-2025T22:20:46 - [MESSAGE][PASSED] - Element 'Object Repository/error_msg/android.widget.TextView - Password Anda salah. Silahkan coba lagi' is present

21-01-2025T22:20:46 - [TEST_STEP][PASSED] - closeApplication(): Close app successfully

21-01-2025T22:20:47 - [MESSAGE][PASSED] - Close app successfully]]></system-out>
         <system-err><![CDATA[]]></system-err>
      </testcase>
      <testcase name="Test Cases/Login (Positive)/Login_using No Kartu Member" time="41.925" classname="Test Cases/Login (Positive)/Login_using No Kartu Member" status="PASSED">
         <system-out><![CDATA[21-01-2025T22:20:47 - [TEST_CASE][PASSED] - Test Cases/Login (Positive)/Login_using No Kartu Member: Test Cases/Login (Positive)/Login_using No Kartu Member

21-01-2025T22:20:47 - [TEST_STEP][PASSED] - startApplication("D:/Downloads/base.apk", false): Started application: 'D:\Downloads\base.apk'

21-01-2025T22:20:47 - [MESSAGE][INFO] - Starting application: 'D:\Downloads\base.apk'

21-01-2025T22:20:47 - [MESSAGE][INFO] - Detected NodeJS location: "C:\Program Files\nodejs\node.exe"

21-01-2025T22:20:52 - [MESSAGE][INFO] - PATH: C:\Program Files\nodejs;

21-01-2025T22:20:52 - [MESSAGE][INFO] - APPIUM_HOME: C:\Users\Maxxi\.appium

21-01-2025T22:20:52 - [MESSAGE][INFO] - appium outlog: C:\Users\Maxxi\git\soal_18\Reports\20250121_221439\Alfagift_Login\20250121_221439\appium.log

21-01-2025T22:20:52 - [MESSAGE][INFO] - appium errlog: C:\Users\Maxxi\git\soal_18\Reports\20250121_221439\Alfagift_Login\20250121_221439\appium_error.log

21-01-2025T22:20:57 - [MESSAGE][INFO] - Appium server started on port 59,852

21-01-2025T22:21:05 - [MESSAGE][PASSED] - Started application: 'D:\Downloads\base.apk'

21-01-2025T22:21:05 - [TEST_STEP][PASSED] - tap(findTestObject("Object Repository/button/android.widget.TextView - MASUK"), 0): Tapped on element 'Object Repository/button/android.widget.TextView - MASUK'

21-01-2025T22:21:05 - [MESSAGE][WARNING] - Timeout '0' is invalid. Using default page load timeout: '30'

21-01-2025T22:21:07 - [MESSAGE][PASSED] - Tapped on element 'Object Repository/button/android.widget.TextView - MASUK'

21-01-2025T22:21:07 - [TEST_STEP][PASSED] - setText(findTestObject("Object Repository/fields/android.widget.EditText - Nomor HPNo. kartu member"), "9990015830750835", 0): Text '9990015830750835' has been set to element 'Object Repository/fields/android.widget.EditText - Nomor HPNo. kartu member'

21-01-2025T22:21:07 - [MESSAGE][WARNING] - Timeout '0' is invalid. Using default page load timeout: '30'

21-01-2025T22:21:11 - [MESSAGE][PASSED] - Text '9990015830750835' has been set to element 'Object Repository/fields/android.widget.EditText - Nomor HPNo. kartu member'

21-01-2025T22:21:11 - [TEST_STEP][PASSED] - setText(findTestObject("Object Repository/fields/android.widget.EditText - Password"), "Testla123", 0): Text 'Testla123' has been set to element 'Object Repository/fields/android.widget.EditText - Password'

21-01-2025T22:21:11 - [MESSAGE][WARNING] - Timeout '0' is invalid. Using default page load timeout: '30'

21-01-2025T22:21:14 - [MESSAGE][PASSED] - Text 'Testla123' has been set to element 'Object Repository/fields/android.widget.EditText - Password'

21-01-2025T22:21:14 - [TEST_STEP][PASSED] - hideKeyboard(): Keyboard is hidden

21-01-2025T22:21:16 - [MESSAGE][PASSED] - Keyboard is hidden

21-01-2025T22:21:16 - [TEST_STEP][PASSED] - tap(findTestObject("Object Repository/button/android.widget.TextView - Selanjutnya"), 0): Tapped on element 'Object Repository/button/android.widget.TextView - Selanjutnya'

21-01-2025T22:21:16 - [MESSAGE][WARNING] - Timeout '0' is invalid. Using default page load timeout: '30'

21-01-2025T22:21:17 - [MESSAGE][PASSED] - Tapped on element 'Object Repository/button/android.widget.TextView - Selanjutnya'

21-01-2025T22:21:17 - [TEST_STEP][PASSED] - waitForElementPresent(findTestObject("Object Repository/beranda/android.widget.TextView - Beranda"), 0): Element 'Object Repository/beranda/android.widget.TextView - Beranda' is present

21-01-2025T22:21:17 - [MESSAGE][WARNING] - Timeout '0' is invalid. Using default page load timeout: '30'

21-01-2025T22:21:28 - [MESSAGE][PASSED] - Element 'Object Repository/beranda/android.widget.TextView - Beranda' is present

21-01-2025T22:21:28 - [TEST_STEP][PASSED] - closeApplication(): Close app successfully

21-01-2025T22:21:29 - [MESSAGE][PASSED] - Close app successfully]]></system-out>
         <system-err><![CDATA[]]></system-err>
      </testcase>
      <testcase name="Test Cases/Login (Positive)/Login_using Nomor HP" time="49.871" classname="Test Cases/Login (Positive)/Login_using Nomor HP" status="PASSED">
         <system-out><![CDATA[21-01-2025T22:21:29 - [TEST_CASE][PASSED] - Test Cases/Login (Positive)/Login_using Nomor HP: Test Cases/Login (Positive)/Login_using Nomor HP

21-01-2025T22:21:29 - [TEST_STEP][PASSED] - startApplication("D:/Downloads/base.apk", false): Started application: 'D:\Downloads\base.apk'

21-01-2025T22:21:29 - [MESSAGE][INFO] - Starting application: 'D:\Downloads\base.apk'

21-01-2025T22:21:29 - [MESSAGE][INFO] - Detected NodeJS location: "C:\Program Files\nodejs\node.exe"

21-01-2025T22:21:34 - [MESSAGE][INFO] - PATH: C:\Program Files\nodejs;

21-01-2025T22:21:34 - [MESSAGE][INFO] - APPIUM_HOME: C:\Users\Maxxi\.appium

21-01-2025T22:21:34 - [MESSAGE][INFO] - appium outlog: C:\Users\Maxxi\git\soal_18\Reports\20250121_221439\Alfagift_Login\20250121_221439\appium.log

21-01-2025T22:21:34 - [MESSAGE][INFO] - appium errlog: C:\Users\Maxxi\git\soal_18\Reports\20250121_221439\Alfagift_Login\20250121_221439\appium_error.log

21-01-2025T22:21:39 - [MESSAGE][INFO] - Appium server started on port 60,028

21-01-2025T22:21:48 - [MESSAGE][PASSED] - Started application: 'D:\Downloads\base.apk'

21-01-2025T22:21:48 - [TEST_STEP][PASSED] - tap(findTestObject("Object Repository/button/android.widget.TextView - MASUK"), 0): Tapped on element 'Object Repository/button/android.widget.TextView - MASUK'

21-01-2025T22:21:48 - [MESSAGE][WARNING] - Timeout '0' is invalid. Using default page load timeout: '30'

21-01-2025T22:21:58 - [MESSAGE][PASSED] - Tapped on element 'Object Repository/button/android.widget.TextView - MASUK'

21-01-2025T22:21:58 - [TEST_STEP][PASSED] - setText(findTestObject("Object Repository/fields/android.widget.EditText - Nomor HPNo. kartu member"), "085156622850", 0): Text '085156622850' has been set to element 'Object Repository/fields/android.widget.EditText - Nomor HPNo. kartu member'

21-01-2025T22:21:58 - [MESSAGE][WARNING] - Timeout '0' is invalid. Using default page load timeout: '30'

21-01-2025T22:22:02 - [MESSAGE][PASSED] - Text '085156622850' has been set to element 'Object Repository/fields/android.widget.EditText - Nomor HPNo. kartu member'

21-01-2025T22:22:02 - [TEST_STEP][PASSED] - setText(findTestObject("Object Repository/fields/android.widget.EditText - Password"), "Testla123", 0): Text 'Testla123' has been set to element 'Object Repository/fields/android.widget.EditText - Password'

21-01-2025T22:22:02 - [MESSAGE][WARNING] - Timeout '0' is invalid. Using default page load timeout: '30'

21-01-2025T22:22:04 - [MESSAGE][PASSED] - Text 'Testla123' has been set to element 'Object Repository/fields/android.widget.EditText - Password'

21-01-2025T22:22:04 - [TEST_STEP][PASSED] - hideKeyboard(): Keyboard is hidden

21-01-2025T22:22:06 - [MESSAGE][PASSED] - Keyboard is hidden

21-01-2025T22:22:06 - [TEST_STEP][PASSED] - tap(findTestObject("Object Repository/button/android.widget.TextView - Selanjutnya"), 0): Tapped on element 'Object Repository/button/android.widget.TextView - Selanjutnya'

21-01-2025T22:22:06 - [MESSAGE][WARNING] - Timeout '0' is invalid. Using default page load timeout: '30'

21-01-2025T22:22:07 - [MESSAGE][PASSED] - Tapped on element 'Object Repository/button/android.widget.TextView - Selanjutnya'

21-01-2025T22:22:07 - [TEST_STEP][PASSED] - waitForElementPresent(findTestObject("Object Repository/beranda/android.widget.TextView - Beranda"), 0): Element 'Object Repository/beranda/android.widget.TextView - Beranda' is present

21-01-2025T22:22:07 - [MESSAGE][WARNING] - Timeout '0' is invalid. Using default page load timeout: '30'

21-01-2025T22:22:17 - [MESSAGE][PASSED] - Element 'Object Repository/beranda/android.widget.TextView - Beranda' is present

21-01-2025T22:22:17 - [TEST_STEP][PASSED] - closeApplication(): Close app successfully

21-01-2025T22:22:18 - [MESSAGE][INFO] - Cannot close application! An unknown server-side error occurred while processing the command. Original error: 'com.alfamart.alfagift' is still running after 500ms timeout
Build info: version: '3.141.59', revision: 'unknown', time: 'unknown'
System info: host: 'LAPTOP-66B9Q4LL', ip: '192.168.100.202', os.name: 'Windows 11', os.arch: 'amd64', os.version: '10.0', java.version: '17.0.7'
Driver info: com.kms.katalon.core.appium.driver.SwipeableAndroidDriver
Capabilities {app: D:\Downloads\base.apk, appPackage: com.alfamart.alfagift, autoGrantPermissions: true, automationName: uiautomator2, databaseEnabled: false, desired: {app: D:\Downloads\base.apk, autoGrantPermissions: true, automationName: uiautomator2, deviceName: samsung SM-X205 (Android 14), fullReset: false, newCommandTimeout: 1800, noReset: true, platformName: android, platformVersion: 14, systemPort: 60027, udid: R9RW3035JLN}, deviceApiLevel: 34, deviceManufacturer: samsung, deviceModel: SM-X205, deviceName: R9RW3035JLN, deviceScreenDensity: 240, deviceScreenSize: 1920x1200, deviceUDID: R9RW3035JLN, fullReset: false, javascriptEnabled: true, locationContextEnabled: false, networkConnectionEnabled: true, newCommandTimeout: 1800, noReset: true, pixelRatio: 1.5, platform: LINUX, platformName: Android, platformVersion: 14, statBarHeight: 36, systemPort: 60027, takesScreenshot: true, udid: R9RW3035JLN, viewportRect: {height: 1092, left: 0, top: 36, width: 1920}, warnings: {}, webStorageEnabled: false}
Session ID: e32b3817-b491-4f7d-bca7-2bd94ea7ce2d

21-01-2025T22:22:18 - [MESSAGE][PASSED] - Close app successfully]]></system-out>
         <system-err><![CDATA[]]></system-err>
      </testcase>
      <system-out><![CDATA[21-01-2025T22:14:43 - [TEST_SUITE][FAILED] - Alfagift_Login: Test Cases/Login (Negative)/Login_when input Nomor HP less than 10 digit FAILED.
Reason:
com.kms.katalon.core.exception.StepFailedException: Failed to set text into element
	at com.kms.katalon.core.mobile.keyword.internal.MobileKeywordMain.stepFailed(MobileKeywordMain.groovy:64)
	at com.kms.katalon.core.mobile.keyword.internal.MobileKeywordMain.runKeyword(MobileKeywordMain.groovy:34)
	at com.kms.katalon.core.mobile.keyword.builtin.SetTextKeyword.setText(SetTextKeyword.groovy:62)
	at com.kms.katalon.core.mobile.keyword.builtin.SetTextKeyword.execute(SetTextKeyword.groovy:42)
	at com.kms.katalon.core.keyword.internal.KeywordExecutor.executeKeywordForPlatform(KeywordExecutor.groovy:74)
	at com.kms.katalon.core.mobile.keyword.MobileBuiltInKeywords.setText(MobileBuiltInKeywords.groovy:1307)
	at Login_when input Nomor HP less than 10 digit.run(Login_when input Nomor HP less than 10 digit:52)
	at com.kms.katalon.core.main.ScriptEngine.run(ScriptEngine.java:194)
	at com.kms.katalon.core.main.ScriptEngine.runScriptAsRawText(ScriptEngine.java:119)
	at com.kms.katalon.core.main.TestCaseExecutor.runScript(TestCaseExecutor.java:448)
	at com.kms.katalon.core.main.TestCaseExecutor.doExecute(TestCaseExecutor.java:439)
	at com.kms.katalon.core.main.TestCaseExecutor.processExecutionPhase(TestCaseExecutor.java:418)
	at com.kms.katalon.core.main.TestCaseExecutor.accessMainPhase(TestCaseExecutor.java:410)
	at com.kms.katalon.core.main.TestCaseExecutor.execute(TestCaseExecutor.java:285)
	at com.kms.katalon.core.common.CommonExecutor.accessTestCaseMainPhase(CommonExecutor.java:65)
	at com.kms.katalon.core.main.TestSuiteExecutor.accessTestSuiteMainPhase(TestSuiteExecutor.java:150)
	at com.kms.katalon.core.main.TestSuiteExecutor.execute(TestSuiteExecutor.java:106)
	at com.kms.katalon.core.main.TestCaseMain.startTestSuite(TestCaseMain.java:180)
	at TempTestSuite1737472479719.run(TempTestSuite1737472479719.groovy:35)
	at java.base/jdk.internal.reflect.NativeMethodAccessorImpl.invoke0(Native Method)
	at java.base/jdk.internal.reflect.NativeMethodAccessorImpl.invoke(NativeMethodAccessorImpl.java:77)
	at java.base/jdk.internal.reflect.DelegatingMethodAccessorImpl.invoke(DelegatingMethodAccessorImpl.java:43)
Caused by: com.kms.katalon.core.exception.StepFailedException: Object Object Repository/fields/android.widget.EditText - Nomor HPNo. kartu member not found
	at com.kms.katalon.core.mobile.keyword.internal.MobileKeywordMain.stepFailed(MobileKeywordMain.groovy:64)
	at com.kms.katalon.core.mobile.keyword.builtin.SetTextKeyword$_setText_closure1.doCall(SetTextKeyword.groovy:52)
	at com.kms.katalon.core.mobile.keyword.builtin.SetTextKeyword$_setText_closure1.call(SetTextKeyword.groovy)
	at com.kms.katalon.core.mobile.keyword.internal.MobileKeywordMain.runKeyword(MobileKeywordMain.groovy:30)
	... 20 more]]></system-out>
      <system-err><![CDATA[21-01-2025T22:14:43 - [TEST_SUITE][FAILED] - Alfagift_Login: Test Cases/Login (Negative)/Login_when input Nomor HP less than 10 digit FAILED.
Reason:
com.kms.katalon.core.exception.StepFailedException: Failed to set text into element
	at com.kms.katalon.core.mobile.keyword.internal.MobileKeywordMain.stepFailed(MobileKeywordMain.groovy:64)
	at com.kms.katalon.core.mobile.keyword.internal.MobileKeywordMain.runKeyword(MobileKeywordMain.groovy:34)
	at com.kms.katalon.core.mobile.keyword.builtin.SetTextKeyword.setText(SetTextKeyword.groovy:62)
	at com.kms.katalon.core.mobile.keyword.builtin.SetTextKeyword.execute(SetTextKeyword.groovy:42)
	at com.kms.katalon.core.keyword.internal.KeywordExecutor.executeKeywordForPlatform(KeywordExecutor.groovy:74)
	at com.kms.katalon.core.mobile.keyword.MobileBuiltInKeywords.setText(MobileBuiltInKeywords.groovy:1307)
	at Login_when input Nomor HP less than 10 digit.run(Login_when input Nomor HP less than 10 digit:52)
	at com.kms.katalon.core.main.ScriptEngine.run(ScriptEngine.java:194)
	at com.kms.katalon.core.main.ScriptEngine.runScriptAsRawText(ScriptEngine.java:119)
	at com.kms.katalon.core.main.TestCaseExecutor.runScript(TestCaseExecutor.java:448)
	at com.kms.katalon.core.main.TestCaseExecutor.doExecute(TestCaseExecutor.java:439)
	at com.kms.katalon.core.main.TestCaseExecutor.processExecutionPhase(TestCaseExecutor.java:418)
	at com.kms.katalon.core.main.TestCaseExecutor.accessMainPhase(TestCaseExecutor.java:410)
	at com.kms.katalon.core.main.TestCaseExecutor.execute(TestCaseExecutor.java:285)
	at com.kms.katalon.core.common.CommonExecutor.accessTestCaseMainPhase(CommonExecutor.java:65)
	at com.kms.katalon.core.main.TestSuiteExecutor.accessTestSuiteMainPhase(TestSuiteExecutor.java:150)
	at com.kms.katalon.core.main.TestSuiteExecutor.execute(TestSuiteExecutor.java:106)
	at com.kms.katalon.core.main.TestCaseMain.startTestSuite(TestCaseMain.java:180)
	at TempTestSuite1737472479719.run(TempTestSuite1737472479719.groovy:35)
	at java.base/jdk.internal.reflect.NativeMethodAccessorImpl.invoke0(Native Method)
	at java.base/jdk.internal.reflect.NativeMethodAccessorImpl.invoke(NativeMethodAccessorImpl.java:77)
	at java.base/jdk.internal.reflect.DelegatingMethodAccessorImpl.invoke(DelegatingMethodAccessorImpl.java:43)
Caused by: com.kms.katalon.core.exception.StepFailedException: Object Object Repository/fields/android.widget.EditText - Nomor HPNo. kartu member not found
	at com.kms.katalon.core.mobile.keyword.internal.MobileKeywordMain.stepFailed(MobileKeywordMain.groovy:64)
	at com.kms.katalon.core.mobile.keyword.builtin.SetTextKeyword$_setText_closure1.doCall(SetTextKeyword.groovy:52)
	at com.kms.katalon.core.mobile.keyword.builtin.SetTextKeyword$_setText_closure1.call(SetTextKeyword.groovy)
	at com.kms.katalon.core.mobile.keyword.internal.MobileKeywordMain.runKeyword(MobileKeywordMain.groovy:30)
	... 20 more]]></system-err>
   </testsuite>
</testsuites>
